#
# There is insufficient memory for the Java Runtime Environment to continue.
# Native memory allocation (malloc) failed to allocate 32744 bytes for ChunkPool::allocate
# Possible reasons:
#   The system is out of physical RAM or swap space
#   The process is running with CompressedOops enabled, and the Java Heap may be blocking the growth of the native heap
# Possible solutions:
#   Reduce memory load on the system
#   Increase physical memory or swap space
#   Check if swap backing store is full
#   Decrease Java heap size (-Xmx/-Xms)
#   Decrease number of Java threads
#   Decrease Java thread stack sizes (-Xss)
#   Set larger code cache with -XX:ReservedCodeCacheSize=
#   JVM is running with Unscaled Compressed Oops mode in which the Java heap is
#     placed in the first 4GB address space. The Java Heap base address is the
#     maximum limit for the native heap growth. Please use -XX:HeapBaseMinAddress
#     to set the Java Heap base and to place the Java Heap above 4GB virtual address.
# This output file may be truncated or incomplete.
#
#  Out of Memory Error (allocation.cpp:272), pid=7284, tid=0x0000000000002038
#
# JRE version: OpenJDK Runtime Environment (8.0_242-b01) (build 1.8.0_242-release-1644-b01)
# Java VM: OpenJDK 64-Bit Server VM (25.242-b01 mixed mode windows-amd64 compressed oops)
# Failed to write core dump. Minidumps are not enabled by default on client versions of Windows
#

---------------  T H R E A D  ---------------

Current thread (0x0000000017ca7800):  JavaThread "C2 CompilerThread0" daemon [_thread_in_native, id=8248, stack(0x0000000019300000,0x0000000019400000)]

Stack: [0x0000000019300000,0x0000000019400000]
[error occurred during error reporting (printing stack bounds), id 0xc0000005]

Native frames: (J=compiled Java code, j=interpreted, Vv=VM code, C=native code)


Current CompileTask:
C2:  12677 2645   !   4       java.net.URLClassLoader$1::run (63 bytes)


---------------  P R O C E S S  ---------------

Java Threads: ( => current thread )
  0x000000001b0b1000 JavaThread "Cache worker for file content cache (C:\Users\Lenovo\.gradle\caches\6.5\fileContent)" [_thread_blocked, id=13048, stack(0x00000000233e0000,0x00000000234e0000)]
  0x000000001b0ab000 JavaThread "Cache worker for execution history cache (C:\Users\Lenovo\.gradle\caches\6.5\executionHistory)" [_thread_blocked, id=6508, stack(0x0000000022ee0000,0x0000000022fe0000)]
  0x000000001b0b0800 JavaThread "Cache worker for cache directory md-rule (C:\Users\Lenovo\.gradle\caches\6.5\md-rule)" [_thread_blocked, id=10872, stack(0x0000000022be0000,0x0000000022ce0000)]
  0x000000001b0ae000 JavaThread "Cache worker for cache directory md-supplier (C:\Users\Lenovo\.gradle\caches\6.5\md-supplier)" [_thread_blocked, id=12560, stack(0x0000000022ae0000,0x0000000022be0000)]
  0x000000001b0aa800 JavaThread "Cache worker for checksums cache (C:\Users\Lenovo\AndroidStudioProjects\BookHub\.gradle\checksums)" [_thread_blocked, id=4516, stack(0x00000000229e0000,0x0000000022ae0000)]
  0x000000001b0af800 JavaThread "jar transforms Thread 20" [_thread_blocked, id=9960, stack(0x00000000226e0000,0x00000000227e0000)]
  0x000000001b0ad800 JavaThread "jar transforms Thread 19" [_thread_blocked, id=2204, stack(0x00000000225e0000,0x00000000226e0000)]
  0x000000001b0a3000 JavaThread "jar transforms Thread 18" [_thread_blocked, id=12544, stack(0x00000000224e0000,0x00000000225e0000)]
  0x000000001b0a9800 JavaThread "jar transforms Thread 17" [_thread_blocked, id=12388, stack(0x00000000223e0000,0x00000000224e0000)]
  0x000000001b0a6800 JavaThread "jar transforms Thread 16" [_thread_blocked, id=4044, stack(0x00000000222e0000,0x00000000223e0000)]
  0x000000001b0a2000 JavaThread "jar transforms Thread 15" [_thread_blocked, id=9596, stack(0x00000000221e0000,0x00000000222e0000)]
  0x000000001b0a6000 JavaThread "jar transforms Thread 14" [_thread_blocked, id=12308, stack(0x00000000220e0000,0x00000000221e0000)]
  0x000000001b0a5000 JavaThread "jar transforms Thread 13" [_thread_blocked, id=13000, stack(0x0000000021fe0000,0x00000000220e0000)]
  0x000000001b0a8000 JavaThread "jar transforms Thread 12" [_thread_blocked, id=2644, stack(0x0000000021ee0000,0x0000000021fe0000)]
  0x000000001b0a7800 JavaThread "jar transforms Thread 11" [_thread_blocked, id=12468, stack(0x0000000021de0000,0x0000000021ee0000)]
  0x000000001b0a4800 JavaThread "jar transforms Thread 10" [_thread_blocked, id=6312, stack(0x0000000021ce0000,0x0000000021de0000)]
  0x000000001b0a3800 JavaThread "jar transforms Thread 9" [_thread_blocked, id=3408, stack(0x0000000021be0000,0x0000000021ce0000)]
  0x000000001b0a9000 JavaThread "jar transforms Thread 8" [_thread_blocked, id=12648, stack(0x0000000021ae0000,0x0000000021be0000)]
  0x000000001b9eb000 JavaThread "jar transforms Thread 7" [_thread_blocked, id=2536, stack(0x00000000219e0000,0x0000000021ae0000)]
  0x000000001b9e8800 JavaThread "jar transforms Thread 6" [_thread_blocked, id=960, stack(0x00000000218e0000,0x00000000219e0000)]
  0x000000001b9e8000 JavaThread "jar transforms Thread 5" [_thread_blocked, id=2516, stack(0x0000000020730000,0x0000000020830000)]
  0x000000001b9ed800 JavaThread "jar transforms Thread 4" [_thread_blocked, id=1516, stack(0x00000000203c0000,0x00000000204c0000)]
  0x000000001b9ec800 JavaThread "jar transforms Thread 3" [_thread_blocked, id=1568, stack(0x00000000202c0000,0x00000000203c0000)]
  0x000000001b9ea000 JavaThread "jar transforms Thread 2" [_thread_blocked, id=4524, stack(0x00000000201c0000,0x00000000202c0000)]
  0x000000001b9e7000 JavaThread "jar transforms" [_thread_blocked, id=10292, stack(0x00000000200c0000,0x00000000201c0000)]
  0x000000001b9eb800 JavaThread "Cache worker for file hash cache (C:\Users\Lenovo\AndroidStudioProjects\BookHub\.gradle\6.5\fileHashes)" [_thread_blocked, id=3152, stack(0x000000001ffc0000,0x00000000200c0000)]
  0x000000001b9e9800 JavaThread "Cache worker for file hash cache (C:\Users\Lenovo\.gradle\caches\6.5\fileHashes)" [_thread_blocked, id=5684, stack(0x000000001ecf0000,0x000000001edf0000)]
  0x000000001b9e6800 JavaThread "File lock request listener" [_thread_in_native, id=10388, stack(0x000000001dc20000,0x000000001dd20000)]
  0x000000001ba13800 JavaThread "Cache worker for journal cache (C:\Users\Lenovo\.gradle\caches\journal-1)" [_thread_blocked, id=11152, stack(0x000000001da20000,0x000000001db20000)]
  0x000000001b7e6000 JavaThread "Thread-9" [_thread_blocked, id=11924, stack(0x000000001d720000,0x000000001d820000)]
  0x000000001b7e3800 JavaThread "Stdin handler" [_thread_blocked, id=1252, stack(0x000000001d620000,0x000000001d720000)]
  0x000000001b7df800 JavaThread "Asynchronous log dispatcher for DefaultDaemonConnection: socket connection from /127.0.0.1:65092 to /127.0.0.1:65093" [_thread_blocked, id=6072, stack(0x000000001d520000,0x000000001d620000)]
  0x000000001b7de000 JavaThread "Daemon worker" [_thread_blocked, id=8144, stack(0x000000001d420000,0x000000001d520000)]
  0x000000001b7be000 JavaThread "Cancel handler" [_thread_blocked, id=8372, stack(0x000000001d320000,0x000000001d420000)]
  0x000000001b3ca000 JavaThread "Handler for socket connection from /127.0.0.1:65092 to /127.0.0.1:65093" [_thread_in_native, id=10956, stack(0x000000001d020000,0x000000001d120000)]
  0x000000001b3c7000 JavaThread "Daemon" [_thread_blocked, id=11208, stack(0x000000001cf20000,0x000000001d020000)]
  0x000000001b7ba800 JavaThread "Daemon periodic checks" [_thread_blocked, id=10144, stack(0x000000001ce20000,0x000000001cf20000)]
  0x000000001b76d000 JavaThread "Incoming local TCP Connector on port 65092" [_thread_in_native, id=3880, stack(0x000000001cbe0000,0x000000001cce0000)]
  0x000000001b662800 JavaThread "Daemon health stats" [_thread_blocked, id=9224, stack(0x000000001c5a0000,0x000000001c6a0000)]
  0x0000000019628800 JavaThread "Service Thread" daemon [_thread_blocked, id=12056, stack(0x0000000019a00000,0x0000000019b00000)]
  0x0000000017cb3800 JavaThread "C1 CompilerThread2" daemon [_thread_blocked, id=8368, stack(0x0000000019500000,0x0000000019600000)]
  0x0000000017cab800 JavaThread "C2 CompilerThread1" daemon [_thread_in_native, id=7120, stack(0x0000000019400000,0x0000000019500000)]
=>0x0000000017ca7800 JavaThread "C2 CompilerThread0" daemon [_thread_in_native, id=8248, stack(0x0000000019300000,0x0000000019400000)]
  0x0000000017ca7000 JavaThread "Attach Listener" daemon [_thread_blocked, id=2608, stack(0x0000000019200000,0x0000000019300000)]
  0x0000000017ca5000 JavaThread "Signal Dispatcher" daemon [_thread_blocked, id=11964, stack(0x0000000019100000,0x0000000019200000)]
  0x000000000307e000 JavaThread "Finalizer" daemon [_thread_blocked, id=1952, stack(0x0000000018f00000,0x0000000019000000)]
  0x0000000017c89000 JavaThread "Reference Handler" daemon [_thread_blocked, id=9880, stack(0x0000000018e00000,0x0000000018f00000)]
  0x0000000002e7e800 JavaThread "main" [_thread_blocked, id=12228, stack(0x0000000002e80000,0x0000000002f80000)]

Other Threads:
  0x0000000017c66800 VMThread [stack: 0x0000000018d00000,0x0000000018e00000] [id=2500]
  0x0000000017cfe000 WatcherThread [stack: 0x0000000019b00000,0x0000000019c00000] [id=3728]

VM state:at safepoint (normal execution)

VM Mutex/Monitor currently owned by a thread:  ([mutex/lock_event])
[0x0000000002e7c860] Threads_lock - owner thread: 0x0000000017c66800
[0x0000000002f800d0] Heap_lock - owner thread: 0x000000001b7de000

heap address: 0x0000000080000000, size: 2048 MB, Compressed Oops mode: 32-bit
Narrow klass base: 0x0000000000000000, Narrow klass shift: 3
Compressed class space size: 1073741824 Address: 0x0000000100000000

Heap:
 PSYoungGen      total 133632K, used 124928K [0x00000000d5580000, 0x00000000de180000, 0x0000000100000000)
  eden space 124928K, 100% used [0x00000000d5580000,0x00000000dcf80000,0x00000000dcf80000)
  from space 8704K, 0% used [0x00000000dd900000,0x00000000dd900000,0x00000000de180000)
  to   space 9216K, 61% used [0x00000000dcf80000,0x00000000dd504010,0x00000000dd880000)
 ParOldGen       total 33792K, used 7158K [0x0000000080000000, 0x0000000082100000, 0x00000000d5580000)
  object space 33792K, 21% used [0x0000000080000000,0x00000000806fd918,0x0000000082100000)
 Metaspace       used 32567K, capacity 33634K, committed 33920K, reserved 1079296K
  class space    used 4392K, capacity 4660K, committed 4736K, reserved 1048576K

Card table byte_map: [0x0000000012440000,0x0000000012850000] byte_map_base: 0x0000000012040000

Marking Bits: (ParMarkBitMap*) 0x0000000063d7f030
 Begin Bits: [0x0000000012f00000, 0x0000000014f00000)
 End Bits:   [0x0000000014f00000, 0x0000000016f00000)

Polling page: 0x0000000001110000

CodeCache: size=245760Kb used=10037Kb max_used=10037Kb free=235722Kb
 bounds [0x0000000003080000, 0x0000000003a60000, 0x0000000012080000]
 total_blobs=3328 nmethods=2642 adapters=599
 compilation: enabled

Compilation events (10 events):
Event: 12.617 Thread 0x0000000017cb3800 nmethod 2678 0x0000000003a3a850 code [0x0000000003a3a9a0, 0x0000000003a3ab50]
Event: 12.617 Thread 0x0000000017cb3800 2679       3       sun.reflect.generics.repository.MethodRepository::getReturnType (41 bytes)
Event: 12.618 Thread 0x0000000017cb3800 nmethod 2679 0x0000000003a39d10 code [0x0000000003a39ec0, 0x0000000003a3a5e8]
Event: 12.618 Thread 0x0000000017cb3800 2681       3       com.google.common.reflect.TypeResolver$TypeMappingIntrospector::visitParameterizedType (105 bytes)
Event: 12.620 Thread 0x0000000017cb3800 nmethod 2681 0x0000000003a4f3d0 code [0x0000000003a4f660, 0x0000000003a508f8]
Event: 12.620 Thread 0x0000000017cb3800 2680       3       sun.reflect.generics.reflectiveObjects.ParameterizedTypeImpl::hashCode (24 bytes)
Event: 12.620 Thread 0x0000000017cb3800 nmethod 2680 0x0000000003a51150 code [0x0000000003a512e0, 0x0000000003a51768]
Event: 12.620 Thread 0x0000000017cb3800 2682       3       sun.reflect.generics.reflectiveObjects.TypeVariableImpl::hashCode (16 bytes)
Event: 12.621 Thread 0x0000000017cb3800 nmethod 2682 0x0000000003a51910 code [0x0000000003a51a80, 0x0000000003a51d58]
Event: 12.621 Thread 0x0000000017cb3800 2683       3       com.google.common.collect.RegularImmutableMap$EntrySet$1::get (64 bytes)

GC Heap History (10 events):
Event: 3.269 GC heap after
Heap after GC invocations=5 (full 0):
 PSYoungGen      total 34304K, used 2560K [0x00000000d5580000, 0x00000000d9e80000, 0x0000000100000000)
  eden space 31744K, 0% used [0x00000000d5580000,0x00000000d5580000,0x00000000d7480000)
  from space 2560K, 100% used [0x00000000d7480000,0x00000000d7700000,0x00000000d7700000)
  to   space 5632K, 0% used [0x00000000d9900000,0x00000000d9900000,0x00000000d9e80000)
 ParOldGen       total 42496K, used 4496K [0x0000000080000000, 0x0000000082980000, 0x00000000d5580000)
  object space 42496K, 10% used [0x0000000080000000,0x0000000080464018,0x0000000082980000)
 Metaspace       used 11226K, capacity 11530K, committed 11648K, reserved 1058816K
  class space    used 1488K, capacity 1607K, committed 1664K, reserved 1048576K
}
Event: 3.780 GC heap before
{Heap before GC invocations=6 (full 0):
 PSYoungGen      total 34304K, used 34304K [0x00000000d5580000, 0x00000000d9e80000, 0x0000000100000000)
  eden space 31744K, 100% used [0x00000000d5580000,0x00000000d7480000,0x00000000d7480000)
  from space 2560K, 100% used [0x00000000d7480000,0x00000000d7700000,0x00000000d7700000)
  to   space 5632K, 0% used [0x00000000d9900000,0x00000000d9900000,0x00000000d9e80000)
 ParOldGen       total 42496K, used 4496K [0x0000000080000000, 0x0000000082980000, 0x00000000d5580000)
  object space 42496K, 10% used [0x0000000080000000,0x0000000080464018,0x0000000082980000)
 Metaspace       used 14291K, capacity 14738K, committed 14976K, reserved 1062912K
  class space    used 1970K, capacity 2131K, committed 2176K, reserved 1048576K
Event: 3.791 GC heap after
Heap after GC invocations=6 (full 0):
 PSYoungGen      total 68096K, used 5629K [0x00000000d5580000, 0x00000000da080000, 0x0000000100000000)
  eden space 62464K, 0% used [0x00000000d5580000,0x00000000d5580000,0x00000000d9280000)
  from space 5632K, 99% used [0x00000000d9900000,0x00000000d9e7f5c0,0x00000000d9e80000)
  to   space 6656K, 0% used [0x00000000d9280000,0x00000000d9280000,0x00000000d9900000)
 ParOldGen       total 42496K, used 4715K [0x0000000080000000, 0x0000000082980000, 0x00000000d5580000)
  object space 42496K, 11% used [0x0000000080000000,0x000000008049ad40,0x0000000082980000)
 Metaspace       used 14291K, capacity 14738K, committed 14976K, reserved 1062912K
  class space    used 1970K, capacity 2131K, committed 2176K, reserved 1048576K
}
Event: 6.549 GC heap before
{Heap before GC invocations=7 (full 0):
 PSYoungGen      total 68096K, used 68093K [0x00000000d5580000, 0x00000000da080000, 0x0000000100000000)
  eden space 62464K, 100% used [0x00000000d5580000,0x00000000d9280000,0x00000000d9280000)
  from space 5632K, 99% used [0x00000000d9900000,0x00000000d9e7f5c0,0x00000000d9e80000)
  to   space 6656K, 0% used [0x00000000d9280000,0x00000000d9280000,0x00000000d9900000)
 ParOldGen       total 42496K, used 4715K [0x0000000080000000, 0x0000000082980000, 0x00000000d5580000)
  object space 42496K, 11% used [0x0000000080000000,0x000000008049ad60,0x0000000082980000)
 Metaspace       used 19894K, capacity 20624K, committed 20992K, reserved 1067008K
  class space    used 2761K, capacity 2952K, committed 3072K, reserved 1048576K
Event: 6.568 GC heap after
Heap after GC invocations=7 (full 0):
 PSYoungGen      total 69120K, used 6643K [0x00000000d5580000, 0x00000000de280000, 0x0000000100000000)
  eden space 62464K, 0% used [0x00000000d5580000,0x00000000d5580000,0x00000000d9280000)
  from space 6656K, 99% used [0x00000000d9280000,0x00000000d98fcf28,0x00000000d9900000)
  to   space 9728K, 0% used [0x00000000dd900000,0x00000000dd900000,0x00000000de280000)
 ParOldGen       total 42496K, used 8191K [0x0000000080000000, 0x0000000082980000, 0x00000000d5580000)
  object space 42496K, 19% used [0x0000000080000000,0x00000000807fffb8,0x0000000082980000)
 Metaspace       used 19894K, capacity 20624K, committed 20992K, reserved 1067008K
  class space    used 2761K, capacity 2952K, committed 3072K, reserved 1048576K
}
Event: 6.861 GC heap before
{Heap before GC invocations=8 (full 0):
 PSYoungGen      total 69120K, used 13455K [0x00000000d5580000, 0x00000000de280000, 0x0000000100000000)
  eden space 62464K, 10% used [0x00000000d5580000,0x00000000d5c26fc0,0x00000000d9280000)
  from space 6656K, 99% used [0x00000000d9280000,0x00000000d98fcf28,0x00000000d9900000)
  to   space 9728K, 0% used [0x00000000dd900000,0x00000000dd900000,0x00000000de280000)
 ParOldGen       total 42496K, used 8191K [0x0000000080000000, 0x0000000082980000, 0x00000000d5580000)
  object space 42496K, 19% used [0x0000000080000000,0x00000000807fffb8,0x0000000082980000)
 Metaspace       used 20479K, capacity 21156K, committed 21248K, reserved 1067008K
  class space    used 2857K, capacity 3036K, committed 3072K, reserved 1048576K
Event: 6.872 GC heap after
Heap after GC invocations=8 (full 0):
 PSYoungGen      total 133632K, used 4293K [0x00000000d5580000, 0x00000000de180000, 0x0000000100000000)
  eden space 124928K, 0% used [0x00000000d5580000,0x00000000d5580000,0x00000000dcf80000)
  from space 8704K, 49% used [0x00000000dd900000,0x00000000ddd314e8,0x00000000de180000)
  to   space 9216K, 0% used [0x00000000dcf80000,0x00000000dcf80000,0x00000000dd880000)
 ParOldGen       total 42496K, used 8615K [0x0000000080000000, 0x0000000082980000, 0x00000000d5580000)
  object space 42496K, 20% used [0x0000000080000000,0x0000000080869fb8,0x0000000082980000)
 Metaspace       used 20479K, capacity 21156K, committed 21248K, reserved 1067008K
  class space    used 2857K, capacity 3036K, committed 3072K, reserved 1048576K
}
Event: 6.872 GC heap before
{Heap before GC invocations=9 (full 1):
 PSYoungGen      total 133632K, used 4293K [0x00000000d5580000, 0x00000000de180000, 0x0000000100000000)
  eden space 124928K, 0% used [0x00000000d5580000,0x00000000d5580000,0x00000000dcf80000)
  from space 8704K, 49% used [0x00000000dd900000,0x00000000ddd314e8,0x00000000de180000)
  to   space 9216K, 0% used [0x00000000dcf80000,0x00000000dcf80000,0x00000000dd880000)
 ParOldGen       total 42496K, used 8615K [0x0000000080000000, 0x0000000082980000, 0x00000000d5580000)
  object space 42496K, 20% used [0x0000000080000000,0x0000000080869fb8,0x0000000082980000)
 Metaspace       used 20479K, capacity 21156K, committed 21248K, reserved 1067008K
  class space    used 2857K, capacity 3036K, committed 3072K, reserved 1048576K
Event: 6.964 GC heap after
Heap after GC invocations=9 (full 1):
 PSYoungGen      total 133632K, used 0K [0x00000000d5580000, 0x00000000de180000, 0x0000000100000000)
  eden space 124928K, 0% used [0x00000000d5580000,0x00000000d5580000,0x00000000dcf80000)
  from space 8704K, 0% used [0x00000000dd900000,0x00000000dd900000,0x00000000de180000)
  to   space 9216K, 0% used [0x00000000dcf80000,0x00000000dcf80000,0x00000000dd880000)
 ParOldGen       total 33792K, used 7147K [0x0000000080000000, 0x0000000082100000, 0x00000000d5580000)
  object space 33792K, 21% used [0x0000000080000000,0x00000000806faca0,0x0000000082100000)
 Metaspace       used 20479K, capacity 21156K, committed 21248K, reserved 1067008K
  class space    used 2857K, capacity 3036K, committed 3072K, reserved 1048576K
}
Event: 12.621 GC heap before
{Heap before GC invocations=10 (full 1):
 PSYoungGen      total 133632K, used 124928K [0x00000000d5580000, 0x00000000de180000, 0x0000000100000000)
  eden space 124928K, 100% used [0x00000000d5580000,0x00000000dcf80000,0x00000000dcf80000)
  from space 8704K, 0% used [0x00000000dd900000,0x00000000dd900000,0x00000000de180000)
  to   space 9216K, 0% used [0x00000000dcf80000,0x00000000dcf80000,0x00000000dd880000)
 ParOldGen       total 33792K, used 7150K [0x0000000080000000, 0x0000000082100000, 0x00000000d5580000)
  object space 33792K, 21% used [0x0000000080000000,0x00000000806fb918,0x0000000082100000)
 Metaspace       used 32567K, capacity 33634K, committed 33920K, reserved 1079296K
  class space    used 4392K, capacity 4660K, committed 4736K, reserved 1048576K

Deoptimization events (10 events):
Event: 7.426 Thread 0x000000001b7de000 Uncommon trap: reason=unstable_if action=reinterpret pc=0x000000000360cb3c method=java.net.URLClassLoader.getAndVerifyPackage(Ljava/lang/String;Ljava/util/jar/Manifest;Ljava/net/URL;)Ljava/lang/Package; @ 62
Event: 8.856 Thread 0x000000001b7de000 Uncommon trap: reason=unstable_if action=reinterpret pc=0x0000000003698720 method=java.util.HashMap.hash(Ljava/lang/Object;)I @ 1
Event: 8.926 Thread 0x000000001b7de000 Uncommon trap: reason=unstable_if action=reinterpret pc=0x00000000036b76bc method=jdk.internal.org.objectweb.asm.Type.getArgumentsAndReturnSizes(Ljava/lang/String;)I @ 88
Event: 9.023 Thread 0x000000001b7de000 Uncommon trap: reason=unstable_if action=reinterpret pc=0x000000000337c20c method=java.io.WinNTFileSystem.resolve(Ljava/lang/String;Ljava/lang/String;)Ljava/lang/String; @ 49
Event: 10.019 Thread 0x000000001b7de000 Uncommon trap: reason=unstable_if action=reinterpret pc=0x000000000370cc8c method=java.lang.ClassLoader.getClassLoadingLock(Ljava/lang/String;)Ljava/lang/Object; @ 6
Event: 10.154 Thread 0x000000001b7de000 Uncommon trap: reason=bimorphic action=maybe_recompile pc=0x00000000036e1e90 method=java.io.BufferedInputStream.read([BII)I @ 101
Event: 10.154 Thread 0x000000001b7de000 Uncommon trap: reason=bimorphic action=maybe_recompile pc=0x00000000036e1e90 method=java.io.BufferedInputStream.read([BII)I @ 101
Event: 10.154 Thread 0x000000001b7de000 Uncommon trap: reason=bimorphic action=maybe_recompile pc=0x00000000036e1e90 method=java.io.BufferedInputStream.read([BII)I @ 101
Event: 10.156 Thread 0x000000001b7de000 Uncommon trap: reason=bimorphic action=maybe_recompile pc=0x00000000036e1e90 method=java.io.BufferedInputStream.read([BII)I @ 101
Event: 12.489 Thread 0x000000001b7de000 Uncommon trap: reason=range_check action=make_not_entrant pc=0x0000000003a466c8 method=java.lang.String.charAt(I)C @ 27

Classes redefined (0 events):
No events

Internal exceptions (10 events):
Event: 11.686 Thread 0x000000001b7de000 Exception <a 'java/lang/ClassNotFoundException': org/gradle/internal/metaobject/ConfigureDelegateBeanInfo> (0x00000000db622db8) thrown at [C:\src\AOSP-openjdk-git\hotspot\src\share\vm\classfile\systemDictionary.cpp, line 210]
Event: 11.687 Thread 0x000000001b7de000 Exception <a 'java/lang/ClassNotFoundException': org/gradle/internal/metaobject/ConfigureDelegateCustomizer> (0x00000000db650880) thrown at [C:\src\AOSP-openjdk-git\hotspot\src\share\vm\classfile\systemDictionary.cpp, line 210]
Event: 11.692 Thread 0x000000001b7de000 Exception <a 'java/lang/ClassNotFoundException': org/gradle/api/internal/initialization/DefaultScriptHandlerBeanInfo> (0x00000000db6d4728) thrown at [C:\src\AOSP-openjdk-git\hotspot\src\share\vm\classfile\systemDictionary.cpp, line 210]
Event: 11.693 Thread 0x000000001b7de000 Exception <a 'java/lang/ClassNotFoundException': org/gradle/api/internal/initialization/DefaultScriptHandlerCustomizer> (0x00000000db70a6b0) thrown at [C:\src\AOSP-openjdk-git\hotspot\src\share\vm\classfile\systemDictionary.cpp, line 210]
Event: 12.090 Thread 0x000000001b7de000 Exception <a 'java/lang/ClassNotFoundException': org/gradle/api/internal/artifacts/dsl/dependencies/DefaultDependencyHandler_DecoratedBeanInfo> (0x00000000dc02ebc8) thrown at [C:\src\AOSP-openjdk-git\hotspot\src\share\vm\classfile\systemDictionary.cpp, li
Event: 12.092 Thread 0x000000001b7de000 Exception <a 'java/lang/ClassNotFoundException': org/gradle/api/internal/artifacts/dsl/dependencies/DefaultDependencyHandlerBeanInfo> (0x00000000dc087718) thrown at [C:\src\AOSP-openjdk-git\hotspot\src\share\vm\classfile\systemDictionary.cpp, line 210]
Event: 12.094 Thread 0x000000001b7de000 Exception <a 'java/lang/ClassNotFoundException': org/gradle/api/internal/artifacts/dsl/dependencies/DefaultDependencyHandlerCustomizer> (0x00000000dc0e10a8) thrown at [C:\src\AOSP-openjdk-git\hotspot\src\share\vm\classfile\systemDictionary.cpp, line 210]
Event: 12.099 Thread 0x000000001b7de000 Exception <a 'java/lang/ClassNotFoundException': org/gradle/api/internal/artifacts/dsl/dependencies/DefaultDependencyHandler_DecoratedCustomizer> (0x00000000dc16be18) thrown at [C:\src\AOSP-openjdk-git\hotspot\src\share\vm\classfile\systemDictionary.cpp, 
Event: 12.491 Thread 0x000000001b7de000 Exception <a 'java/lang/NoSuchMethodError': java.lang.Object.lambda$static$0(Lorg/gradle/api/internal/artifacts/configurations/MutationValidator$MutationType;)V> (0x00000000dc843078) thrown at [C:\src\AOSP-openjdk-git\hotspot\src\share\vm\interpreter\link
Event: 12.577 Thread 0x000000001b7de000 Exception <a 'java/lang/NoSuchMethodError': java.lang.Object.lambda$static$0(Lorg/gradle/internal/component/model/DependencyMetadata;)Lorg/gradle/api/internal/artifacts/ivyservice/dependencysubstitution/DependencySubstitutionApplicator$SubstitutionResult;

Events (10 events):
Event: 12.604 loading class org/gradle/internal/component/local/model/BuildableLocalConfigurationMetadata done
Event: 12.605 loading class org/gradle/internal/component/local/model/DefaultLocalComponentMetadata$DefaultLocalConfigurationMetadata
Event: 12.605 loading class org/gradle/internal/component/local/model/DefaultLocalComponentMetadata$DefaultLocalConfigurationMetadata done
Event: 12.607 loading class org/gradle/internal/component/local/model/RootLocalComponentMetadata$RootLocalConfigurationMetadata
Event: 12.607 loading class org/gradle/internal/component/local/model/RootLocalComponentMetadata$RootLocalConfigurationMetadata done
Event: 12.608 loading class org/gradle/internal/component/local/model/RootConfigurationMetadata
Event: 12.608 loading class org/gradle/internal/component/local/model/RootConfigurationMetadata done
Event: 12.609 loading class org/gradle/internal/component/model/ImmutableModuleSources
Event: 12.609 loading class org/gradle/internal/component/model/ImmutableModuleSources done
Event: 12.621 Executing VM operation: ParallelGCFailedAllocation


Dynamic libraries:
0x00007ff643840000 - 0x00007ff643871000 	C:\Program Files\Android\Android Studio1\jre\bin\java.exe
0x00007ffdbe730000 - 0x00007ffdbe925000 	C:\WINDOWS\SYSTEM32\ntdll.dll
0x00007ffdbdd70000 - 0x00007ffdbde2d000 	C:\WINDOWS\System32\KERNEL32.DLL
0x00007ffdbc040000 - 0x00007ffdbc309000 	C:\WINDOWS\System32\KERNELBASE.dll
0x00007ffdbd860000 - 0x00007ffdbd90c000 	C:\WINDOWS\System32\ADVAPI32.dll
0x00007ffdbde30000 - 0x00007ffdbdece000 	C:\WINDOWS\System32\msvcrt.dll
0x00007ffdbd7c0000 - 0x00007ffdbd85c000 	C:\WINDOWS\System32\sechost.dll
0x00007ffdbdb90000 - 0x00007ffdbdcbb000 	C:\WINDOWS\System32\RPCRT4.dll
0x00007ffdbd9f0000 - 0x00007ffdbdb90000 	C:\WINDOWS\System32\USER32.dll
0x00007ffdbc760000 - 0x00007ffdbc782000 	C:\WINDOWS\System32\win32u.dll
0x00007ffdbc950000 - 0x00007ffdbc97a000 	C:\WINDOWS\System32\GDI32.dll
0x00007ffdbc420000 - 0x00007ffdbc52b000 	C:\WINDOWS\System32\gdi32full.dll
0x00007ffdbc530000 - 0x00007ffdbc5cd000 	C:\WINDOWS\System32\msvcp_win.dll
0x00007ffdbbef0000 - 0x00007ffdbbff0000 	C:\WINDOWS\System32\ucrtbase.dll
0x00007ffda4060000 - 0x00007ffda42fa000 	C:\WINDOWS\WinSxS\amd64_microsoft.windows.common-controls_6595b64144ccf1df_6.0.19041.844_none_ca00b6081b84eb1d\COMCTL32.dll
0x00007ffdbc980000 - 0x00007ffdbc9b0000 	C:\WINDOWS\System32\IMM32.DLL
0x0000000064450000 - 0x0000000064522000 	C:\Program Files\Android\Android Studio1\jre\jre\bin\msvcr100.dll
0x00000000635b0000 - 0x0000000063dfb000 	C:\Program Files\Android\Android Studio1\jre\jre\bin\server\jvm.dll
0x00007ffdbd630000 - 0x00007ffdbd638000 	C:\WINDOWS\System32\PSAPI.DLL
0x00007ffdb97a0000 - 0x00007ffdb97a9000 	C:\WINDOWS\SYSTEM32\WSOCK32.dll
0x00007ffdb4230000 - 0x00007ffdb423a000 	C:\WINDOWS\SYSTEM32\VERSION.dll
0x00007ffdbd090000 - 0x00007ffdbd0fb000 	C:\WINDOWS\System32\WS2_32.dll
0x00007ffdadd00000 - 0x00007ffdadd27000 	C:\WINDOWS\SYSTEM32\WINMM.dll
0x00007ffdb9570000 - 0x00007ffdb957f000 	C:\Program Files\Android\Android Studio1\jre\jre\bin\verify.dll
0x00007ffdaa500000 - 0x00007ffdaa529000 	C:\Program Files\Android\Android Studio1\jre\jre\bin\java.dll
0x00007ffdace60000 - 0x00007ffdace76000 	C:\Program Files\Android\Android Studio1\jre\jre\bin\zip.dll
0x00007ffdbdfa0000 - 0x00007ffdbe6e2000 	C:\WINDOWS\System32\SHELL32.dll
0x00007ffdb9fe0000 - 0x00007ffdba770000 	C:\WINDOWS\SYSTEM32\windows.storage.dll
0x00007ffdbcb80000 - 0x00007ffdbced5000 	C:\WINDOWS\System32\combase.dll
0x00007ffdbb8e0000 - 0x00007ffdbb90c000 	C:\WINDOWS\SYSTEM32\Wldp.dll
0x00007ffdbc8a0000 - 0x00007ffdbc94e000 	C:\WINDOWS\System32\SHCORE.dll
0x00007ffdbd100000 - 0x00007ffdbd155000 	C:\WINDOWS\System32\shlwapi.dll
0x00007ffdbbdb0000 - 0x00007ffdbbdcf000 	C:\WINDOWS\SYSTEM32\profapi.dll
0x00007ffdaa290000 - 0x00007ffdaa2aa000 	C:\Program Files\Android\Android Studio1\jre\jre\bin\net.dll
0x00007ffdbb660000 - 0x00007ffdbb6ca000 	C:\WINDOWS\system32\mswsock.dll
0x00007ffdaa1d0000 - 0x00007ffdaa1e3000 	C:\Program Files\Android\Android Studio1\jre\jre\bin\nio.dll
0x00007ffdaa150000 - 0x00007ffdaa177000 	C:\Users\Lenovo\.gradle\native\f6784746aeab05261644944871eae4fe03e0ef1612fff0a4a95f87b438bc6780\windows-amd64\native-platform.dll
0x00007ffdb7a40000 - 0x00007ffdb7a4d000 	C:\Program Files\Android\Android Studio1\jre\jre\bin\management.dll
0x00007ffdbb830000 - 0x00007ffdbb848000 	C:\WINDOWS\SYSTEM32\CRYPTSP.dll
0x00007ffdbaf90000 - 0x00007ffdbafc4000 	C:\WINDOWS\system32\rsaenh.dll
0x00007ffdbc730000 - 0x00007ffdbc757000 	C:\WINDOWS\System32\bcrypt.dll
0x00007ffdbbd30000 - 0x00007ffdbbd5e000 	C:\WINDOWS\SYSTEM32\USERENV.dll
0x00007ffdbbe70000 - 0x00007ffdbbef0000 	C:\WINDOWS\System32\bcryptprimitives.dll
0x00007ffdbb850000 - 0x00007ffdbb85c000 	C:\WINDOWS\SYSTEM32\CRYPTBASE.dll
0x00007ffdbb300000 - 0x00007ffdbb33b000 	C:\WINDOWS\SYSTEM32\IPHLPAPI.DLL
0x00007ffdbc9b0000 - 0x00007ffdbc9b8000 	C:\WINDOWS\System32\NSI.dll
0x00007ffdb1300000 - 0x00007ffdb1317000 	C:\WINDOWS\SYSTEM32\dhcpcsvc6.DLL
0x00007ffdb12e0000 - 0x00007ffdb12fd000 	C:\WINDOWS\SYSTEM32\dhcpcsvc.DLL
0x00007ffdbb350000 - 0x00007ffdbb41b000 	C:\WINDOWS\SYSTEM32\DNSAPI.dll
0x00007ffdb2770000 - 0x00007ffdb277b000 	C:\WINDOWS\SYSTEM32\WINNSI.DLL

VM Arguments:
jvm_args: -Xmx2048m -Dfile.encoding=UTF-8 -Duser.country=US -Duser.language=en -Duser.variant 
java_command: org.gradle.launcher.daemon.bootstrap.GradleDaemon 6.5
java_class_path (initial): C:\Users\Lenovo\.gradle\wrapper\dists\gradle-6.5-bin\6nifqtx7604sqp1q6g8wikw7p\gradle-6.5\lib\gradle-launcher-6.5.jar
Launcher Type: SUN_STANDARD

Environment Variables:
PATH=C:\Program Files (x86)\Common Files\Oracle\Java\javapath;C:\Program Files\Common Files\Oracle\Java\javapath;C:\python37\Scripts\;C:\python37\;C:\Python38\Scripts\;C:\Python38\;C:\WINDOWS\system32;C:\WINDOWS;C:\WINDOWS\System32\Wbem;C:\WINDOWS\System32\WindowsPowerShell\v1.0\;C:\WINDOWS\System32\OpenSSH\;C:\ProgramData\chocolatey\bin;C:\Program Files\Git\cmd;C:\strawberry\c\bin;C:\strawberry\perl\bin;C:\Users\Lenovo\AppData\Local\Microsoft\WindowsApps;C:\Users\Lenovo\AppData\Local\Programs\Microsoft VS Code\bin;C:\Program Files\MongoDB\Server\4.2\bin;C:\Users\Lenovo\AppData\Local\Programs\Microsoft VS Code;C:\Program Files (x86)\mingw-w64\i686-8.1.0-posix-dwarf-rt_v6-rev0\mingw32\bin;C:\Users\Lenovo\AppData\Local\GitHubDesktop\bin;C:\Program Files\JetBrains\PyCharm 2020.3\bin;;C:\Program Files\JetBrains\IntelliJ IDEA Community Edition 2020.3.1\bin;;C:\Program Files\kotlinc\bin;C:\Program Files\Java\jdk1.8.0_281\bin;
USERNAME=Lenovo
OS=Windows_NT
PROCESSOR_IDENTIFIER=Intel64 Family 6 Model 142 Stepping 9, GenuineIntel



---------------  S Y S T E M  ---------------

OS: Windows 10.0 , 64 bit Build 19041 (10.0.19041.804)

CPU:total 4 (initial active 4) (2 cores per cpu, 2 threads per core) family 6 model 142 stepping 9, cmov, cx8, fxsr, mmx, sse, sse2, sse3, ssse3, sse4.1, sse4.2, popcnt, avx, avx2, aes, clmul, erms, 3dnowpref, lzcnt, ht, tsc, tscinvbit, bmi1, bmi2, adx

Memory: 4k page, physical 4057396k(247128k free), swap 10201396k(1132k free)

vm_info: OpenJDK 64-Bit Server VM (25.242-b01) for windows-amd64 JRE (1.8.0_242-release-1644-b01), built by "builder" with MS VC++ 10.0 (VS2010)

time: Sat Apr 03 11:48:36 2021
timezone: India Standard Time
elapsed time: 12 seconds (0d 0h 0m 12s)

