JvmtiExport can_access_local_variables 0
JvmtiExport can_hotswap_or_post_breakpoint 0
JvmtiExport can_post_on_exceptions 0
# 490 ciObject found
ciMethod java/lang/Object <init> ()V 4097 1 300004 0 0
ciMethod java/lang/Object hashCode ()I 2049 1 256 0 -1
ciMethod java/lang/Object equals (Ljava/lang/Object;)Z 4097 1 13783 0 -1
ciMethod java/lang/Object clone ()Ljava/lang/Object; 2049 1 256 0 -1
ciMethod java/lang/String <init> ([CII)V 2969 1 5588 0 704
ciMethod java/lang/String <init> ([BIILjava/lang/String;)V 2121 1 1262 0 -1
ciMethod java/lang/String <init> ([CZ)V 1793 1 12103 0 0
ciMethod java/lang/String length ()I 3073 1 166056 0 0
ciMethod java/lang/String charAt (I)C 4097 1 1118544 0 128
ciMethod java/lang/String codePointAt (I)I 889 1 5270 0 -1
ciMethod java/lang/String getChars ([CI)V 2049 1 5378 0 0
ciMethod java/lang/String equals (Ljava/lang/Object;)Z 2057 11801 2463 0 -1
ciMethod java/lang/String equalsIgnoreCase (Ljava/lang/String;)Z 2057 1 5458 0 1472
ciMethod java/lang/String regionMatches (ZILjava/lang/String;II)Z 1377 1073 5348 0 1952
ciMethod java/lang/String startsWith (Ljava/lang/String;I)Z 2145 7337 4588 0 416
ciMethod java/lang/String endsWith (Ljava/lang/String;)Z 2073 1 18339 0 384
ciMethod java/lang/String hashCode ()I 2681 32769 1492 0 288
ciMethod java/lang/String lastIndexOf (I)I 2105 1 24495 0 288
ciMethod java/lang/String lastIndexOf (II)I 897 49977 950 0 288
ciMethod java/lang/String lastIndexOfSupplementary (II)I 0 0 1 0 -1
ciMethod java/lang/String substring (II)Ljava/lang/String; 2169 1 5780 0 992
ciMethod java/lang/String concat (Ljava/lang/String;)Ljava/lang/String; 2049 1 5378 0 896
ciMethod java/lang/String replace (CC)Ljava/lang/String; 841 41001 926 0 1152
ciMethod java/lang/String toUpperCase (Ljava/util/Locale;)Ljava/lang/String; 585 13353 730 0 2336
ciMethod java/lang/ClassLoader defineClass (Ljava/lang/String;[BIILjava/security/ProtectionDomain;)Ljava/lang/Class; 2161 1 4850 0 -1
ciMethod java/lang/ClassLoader definePackage (Ljava/lang/String;Ljava/lang/String;Ljava/lang/String;Ljava/lang/String;Ljava/lang/String;Ljava/lang/String;Ljava/lang/String;Ljava/net/URL;)Ljava/lang/Package; 1009 1 592 0 0
ciMethod java/lang/ClassLoader getPackage (Ljava/lang/String;)Ljava/lang/Package; 3073 1 5514 0 5664
ciMethod java/lang/System nanoTime ()J 3073 1 384 0 -1
ciMethod java/lang/System arraycopy (Ljava/lang/Object;ILjava/lang/Object;II)V 5121 1 640 0 -1
ciMethod java/lang/Throwable addSuppressed (Ljava/lang/Throwable;)V 0 0 1 0 -1
ciMethod java/security/SecureClassLoader defineClass (Ljava/lang/String;[BIILjava/security/CodeSource;)Ljava/lang/Class; 2161 1 4817 0 -1
ciMethod java/security/SecureClassLoader defineClass (Ljava/lang/String;Ljava/nio/ByteBuffer;Ljava/security/CodeSource;)Ljava/lang/Class; 0 0 1 0 -1
ciMethod java/security/SecureClassLoader getProtectionDomain (Ljava/security/CodeSource;)Ljava/security/ProtectionDomain; 2161 1 4819 0 -1
ciMethod java/lang/ref/Reference get ()Ljava/lang/Object; 1033 1 129 0 -1
ciMethod java/lang/ref/Reference <init> (Ljava/lang/Object;)V 2401 1 8187 0 0
ciMethod java/lang/ref/Reference <init> (Ljava/lang/Object;Ljava/lang/ref/ReferenceQueue;)V 2057 1 20823 0 96
ciMethod java/lang/ref/SoftReference <init> (Ljava/lang/Object;)V 2057 1 2824 0 0
ciMethod java/lang/ref/SoftReference get ()Ljava/lang/Object; 2049 1 13202 0 96
ciMethod java/lang/Thread currentThread ()Ljava/lang/Thread; 3073 1 384 0 -1
ciMethod java/lang/Thread interrupt ()V 0 0 1 0 -1
ciMethod java/lang/Thread interrupted ()Z 3185 1 6666 0 -1
ciMethod java/util/Map get (Ljava/lang/Object;)Ljava/lang/Object; 0 0 1 0 -1
ciMethod java/util/Map put (Ljava/lang/Object;Ljava/lang/Object;)Ljava/lang/Object; 0 0 1 0 -1
ciMethod java/util/Hashtable <init> (IF)V 2065 1 491 0 0
ciMethod java/util/Hashtable <init> (I)V 777 1 97 0 0
ciMethod java/util/Hashtable <init> ()V 2049 1 394 0 0
ciMethod java/util/Hashtable get (Ljava/lang/Object;)Ljava/lang/Object; 2049 345 2015 0 -1
ciMethod java/util/Dictionary <init> ()V 2065 1 491 0 0
ciMethod sun/misc/Unsafe ensureClassInitialized (Ljava/lang/Class;)V 2377 1 290 0 -1
ciMethod java/io/ByteArrayInputStream <init> ([B)V 57 1 99 0 0
ciMethod java/io/InputStream <init> ()V 2049 1 11411 0 0
ciMethod java/io/InputStream read ([BII)I 9 1481 1 0 -1
ciMethod java/io/InputStream close ()V 0 0 1 0 -1
ciMethod java/net/URLClassLoader getAndVerifyPackage (Ljava/lang/String;Ljava/util/jar/Manifest;Ljava/net/URL;)Ljava/lang/Package; 3169 1 3709 0 0
ciMethod java/net/URLClassLoader definePackageInternal (Ljava/lang/String;Ljava/util/jar/Manifest;Ljava/net/URL;)V 2153 1 3709 0 0
ciMethod java/net/URLClassLoader defineClass (Ljava/lang/String;Lsun/misc/Resource;)Ljava/lang/Class; 1129 1 3712 0 0
ciMethod java/net/URLClassLoader definePackage (Ljava/lang/String;Ljava/util/jar/Manifest;Ljava/net/URL;)Ljava/lang/Package; 1009 1 475 0 0
ciMethod java/net/URLClassLoader isSealed (Ljava/lang/String;Ljava/util/jar/Manifest;)Z 2057 1 3211 0 0
ciMethod java/net/URLClassLoader access$000 (Ljava/net/URLClassLoader;)Lsun/misc/URLClassPath; 1049 1 131 0 0
ciMethod java/net/URLClassLoader access$100 (Ljava/net/URLClassLoader;Ljava/lang/String;Lsun/misc/Resource;)Ljava/lang/Class; 1129 1 3712 0 0
ciMethod java/util/jar/Manifest <init> (Ljava/io/InputStream;)V 113 1 88 0 0
ciMethod java/util/jar/Manifest <init> (Ljava/util/jar/JarVerifier;Ljava/io/InputStream;)V 169 1 183 0 0
ciMethod java/util/jar/Manifest getMainAttributes ()Ljava/util/jar/Attributes; 1025 1 128 0 0
ciMethod java/util/jar/Manifest getEntries ()Ljava/util/Map; 1025 1 128 0 0
ciMethod java/util/jar/Manifest getAttributes (Ljava/lang/String;)Ljava/util/jar/Attributes; 4097 1 3901 0 0
ciMethod java/util/jar/Manifest getTrustedAttributes (Ljava/lang/String;)Ljava/util/jar/Attributes; 3025 1 3793 0 0
ciMethod java/util/jar/Manifest read (Ljava/io/InputStream;)V 1537 401 192 0 -1
ciMethod java/util/jar/Manifest parseName ([BI)Ljava/lang/String; 401 1 50 0 -1
ciMethod java/security/CodeSource <init> (Ljava/net/URL;[Ljava/security/CodeSigner;)V 2153 1 4817 0 -1
ciMethod java/lang/Character charCount (I)I 1217 1 12997 0 -1
ciMethod java/lang/Character toChars (I[CI)I 0 0 1 0 -1
ciMethod java/lang/Character toChars (I)[C 0 0 1 0 -1
ciMethod java/lang/Character toLowerCase (C)C 2057 1 18236 0 0
ciMethod java/lang/Character toLowerCase (I)I 4097 1 120651 0 160
ciMethod java/lang/Character toUpperCase (C)C 2233 1 16295 0 192
ciMethod java/lang/Character toUpperCase (I)I 2233 1 16295 0 0
ciMethod java/lang/Character toUpperCaseEx (I)I 2329 1 26730 0 -1
ciMethod java/lang/Character toUpperCaseCharArray (I)[C 0 0 1 0 -1
ciMethod java/lang/Float isNaN (F)Z 2057 1 4056 0 0
ciMethod java/lang/Float floatToRawIntBits (F)I 9 1 1 0 -1
ciMethod java/util/Comparator compare (Ljava/lang/Object;Ljava/lang/Object;)I 0 0 1 0 -1
ciMethod java/util/AbstractList <init> ()V 2057 1 15678 0 32
ciMethod java/util/AbstractCollection <init> ()V 2577 1 23557 0 0
ciMethod java/util/Stack pop ()Ljava/lang/Object; 137 1 311 0 -1
ciMethod java/util/Stack empty ()Z 265 1 583 0 -1
ciMethod java/util/ArrayList <init> ()V 1529 1 7010 0 64
ciMethod java/util/ArrayList size ()I 1081 1 135 0 -1
ciMethod java/util/ArrayList get (I)Ljava/lang/Object; 2161 1 9769 0 -1
ciMethod java/util/ArrayList add (Ljava/lang/Object;)Z 1817 1 10899 0 -1
ciMethod java/util/AbstractMap <init> ()V 1353 1 6808 0 32
ciMethod sun/misc/SharedSecrets javaUtilJarAccess ()Lsun/misc/JavaUtilJarAccess; 2057 1 7670 0 0
ciMethod java/util/HashMap hash (Ljava/lang/Object;)I 2153 1 33989 0 160
ciMethod java/util/HashMap tableSizeFor (I)I 2057 1 2681 0 0
ciMethod java/util/HashMap <init> (IF)V 2049 1 2647 0 0
ciMethod java/util/HashMap <init> (I)V 2073 1 1181 0 0
ciMethod java/util/HashMap <init> ()V 873 1 3048 0 0
ciMethod java/util/HashMap get (Ljava/lang/Object;)Ljava/lang/Object; 3073 1 17826 0 672
ciMethod java/util/HashMap getNode (ILjava/lang/Object;)Ljava/util/HashMap$Node; 2161 9 10739 0 544
ciMethod java/util/HashMap containsKey (Ljava/lang/Object;)Z 193 1 4409 0 -1
ciMethod java/util/HashMap put (Ljava/lang/Object;Ljava/lang/Object;)Ljava/lang/Object; 905 1 7434 0 -1
ciMethod java/lang/Math max (II)I 1201 1 66989 0 -1
ciMethod java/lang/Math min (II)I 3041 1 70110 0 -1
ciMethod java/lang/Math min (FF)F 2081 1 556 0 0
ciMethod java/io/OutputStream <init> ()V 3081 1 1070 0 0
ciMethod java/util/Arrays copyOf ([BI)[B 2049 1 18777 0 -1
ciMethod java/util/Arrays copyOf ([CI)[C 913 1 18737 0 0
ciMethod java/util/Arrays copyOfRange ([CII)[C 3177 1 5540 0 512
ciMethodData java/lang/Object <init> ()V 2 300004 orig 264 88 29 182 99 0 0 0 0 128 4 48 23 0 0 0 0 32 1 0 0 0 0 0 0 0 0 0 0 0 0 0 0 0 0 0 0 0 0 0 0 0 0 0 0 0 0 0 0 0 0 0 0 0 0 0 0 0 0 0 0 0 0 0 0 0 0 0 0 0 0 0 0 0 0 0 0 0 0 0 0 77 68 79 32 101 120 116 114 97 32 100 97 116 97 32 108 111 99 107 0 0 0 0 0 0 0 0 0 0 0 0 0 0 0 0 0 0 0 0 0 0 0 0 0 0 0 0 0 0 0 0 0 0 0 0 0 0 0 0 0 0 0 0 0 0 0 0 0 0 0 0 0 0 0 0 0 0 0 0 0 0 0 0 0 0 0 0 0 0 0 0 0 0 0 0 0 0 0 0 0 0 0 0 0 1 0 0 0 0 0 0 0 1 0 0 0 0 0 0 0 1 0 0 0 0 0 0 0 0 0 0 0 0 0 0 0 0 2 0 0 33 143 36 0 1 0 0 0 0 0 0 0 0 0 0 0 2 0 0 0 0 0 3 0 1 0 0 0 0 0 0 0 255 255 255 255 0 0 0 0 0 0 0 0 data 0 oops 0
ciMethod java/lang/IllegalArgumentException <init> (Ljava/lang/String;)V 0 0 1 0 -1
ciMethod sun/misc/MetaIndex mayContain (Ljava/lang/String;)Z 3257 5033 3452 0 -1
ciMethodData java/lang/String charAt (I)C 2 1118682 orig 264 88 29 182 99 0 0 0 0 176 61 48 23 0 0 0 0 120 1 0 0 32 0 0 0 0 0 0 0 0 0 0 0 0 0 0 0 0 0 0 0 0 0 0 0 0 0 0 0 0 0 0 0 0 0 0 0 0 0 0 0 0 0 0 0 0 0 0 0 0 0 0 0 0 0 0 0 0 0 0 0 77 68 79 32 101 120 116 114 97 32 100 97 116 97 32 108 111 99 107 0 0 0 0 0 0 0 0 0 0 0 0 0 0 0 0 0 0 0 0 0 0 0 0 0 0 0 0 0 0 0 0 0 0 0 0 0 0 0 0 0 0 0 0 0 0 0 0 0 0 0 0 0 0 0 0 0 0 0 0 0 0 0 0 0 0 0 0 0 0 0 0 0 0 0 0 0 0 0 0 0 0 0 0 0 25 0 0 0 0 0 0 0 0 0 0 0 0 0 0 0 1 0 0 0 0 0 0 0 0 0 0 0 0 0 0 0 0 2 0 0 209 126 136 0 1 0 0 0 0 0 0 0 0 0 0 0 2 0 0 0 0 0 8 0 2 0 0 0 80 0 0 0 255 255 255 255 7 0 1 0 0 0 0 0 data 10 0x10007 0x0 0x40 0x110fdb 0xa0007 0x110fda 0x30 0x0 0x120002 0x0 oops 0
ciMethod java/util/Locale getLanguage ()Ljava/lang/String; 441 1 1343 0 -1
ciMethod java/lang/CharacterData toLowerCase (I)I 0 0 1 0 -1
ciMethod java/lang/CharacterData toUpperCase (I)I 0 0 1 0 -1
ciMethod java/lang/CharacterData of (I)Ljava/lang/CharacterData; 4097 1 6883 0 96
ciMethod java/lang/CharacterDataLatin1 getProperties (I)I 4097 1 35566 0 0
ciMethod java/lang/CharacterDataLatin1 toLowerCase (I)I 4097 1 8848 0 160
ciMethod java/lang/CharacterDataLatin1 toUpperCase (I)I 3073 1 8307 0 160
ciMethod java/util/HashMap$TreeNode getTreeNode (ILjava/lang/Object;)Ljava/util/HashMap$TreeNode; 0 0 1 0 -1
ciMethodData java/lang/Character toLowerCase (I)I 2 120651 orig 264 88 29 182 99 0 0 0 0 88 204 57 23 0 0 0 0 136 1 0 0 0 0 0 0 0 0 0 0 0 0 0 0 0 0 0 0 0 0 0 0 0 0 0 0 0 0 0 0 0 0 0 0 0 0 0 0 0 0 0 0 0 0 0 0 0 0 0 0 0 0 0 0 0 0 0 0 0 0 0 0 77 68 79 32 101 120 116 114 97 32 100 97 116 97 32 108 111 99 107 0 0 0 0 0 0 0 0 0 0 0 0 0 0 0 0 0 0 0 0 0 0 0 0 0 0 0 0 0 0 0 0 0 0 0 0 0 0 0 0 0 0 0 0 0 0 0 0 0 0 0 0 0 0 0 0 0 0 0 0 0 0 0 0 0 0 0 0 0 0 0 0 0 0 0 0 0 0 0 0 0 0 0 0 0 0 0 0 0 0 0 0 0 0 0 0 0 0 0 0 0 0 0 0 0 0 0 0 0 0 0 0 0 0 0 0 0 0 2 0 0 89 170 14 0 1 0 0 0 0 0 0 0 0 0 0 0 2 0 0 0 0 0 3 0 2 0 0 0 64 0 0 0 255 255 255 255 2 0 1 0 0 0 0 0 data 8 0x10002 0x1d54b 0x50005 0x0 0x1fc1dc30 0x1d54b 0x0 0x0 oops 1